0 info it worked if it ends with ok
1 verbose cli [ 'C:\\Program Files\\nodejs\\node.exe',
1 verbose cli   'C:\\xampp\\htdocs\\swiftdrugs\\react-src\\node_modules\\npm\\bin\\npm-cli.js',
1 verbose cli   'run',
1 verbose cli   'precommit' ]
2 info using npm@2.15.12
3 info using node@v10.15.0
4 verbose run-script [ 'precommit' ]
5 info precommit react-redux-saga-boilerplate@2019.7.0
6 verbose unsafe-perm in lifecycle true
7 info react-redux-saga-boilerplate@2019.7.0 Failed to exec precommit script
8 verbose stack Error: react-redux-saga-boilerplate@2019.7.0 precommit: `node tools upstream && lint-staged && flow`
8 verbose stack Exit status 1
8 verbose stack     at EventEmitter.<anonymous> (C:\xampp\htdocs\swiftdrugs\react-src\node_modules\npm\lib\utils\lifecycle.js:217:16)
8 verbose stack     at EventEmitter.emit (events.js:182:13)
8 verbose stack     at ChildProcess.<anonymous> (C:\xampp\htdocs\swiftdrugs\react-src\node_modules\npm\lib\utils\spawn.js:24:14)
8 verbose stack     at ChildProcess.emit (events.js:182:13)
8 verbose stack     at maybeClose (internal/child_process.js:962:16)
8 verbose stack     at Process.ChildProcess._handle.onexit (internal/child_process.js:251:5)
9 verbose pkgid react-redux-saga-boilerplate@2019.7.0
10 verbose cwd C:\xampp\htdocs\swiftdrugs\react-src
11 error Windows_NT 10.0.18362
12 error argv "C:\\Program Files\\nodejs\\node.exe" "C:\\xampp\\htdocs\\swiftdrugs\\react-src\\node_modules\\npm\\bin\\npm-cli.js" "run" "precommit"
13 error node v10.15.0
14 error npm  v2.15.12
15 error code ELIFECYCLE
16 error react-redux-saga-boilerplate@2019.7.0 precommit: `node tools upstream && lint-staged && flow`
16 error Exit status 1
17 error Failed at the react-redux-saga-boilerplate@2019.7.0 precommit script 'node tools upstream && lint-staged && flow'.
17 error This is most likely a problem with the react-redux-saga-boilerplate package,
17 error not with npm itself.
17 error Tell the author that this fails on your system:
17 error     node tools upstream && lint-staged && flow
17 error You can get information on how to open an issue for this project with:
17 error     npm bugs react-redux-saga-boilerplate
17 error Or if that isn't available, you can get their info via:
17 error
17 error     npm owner ls react-redux-saga-boilerplate
17 error There is likely additional logging output above.
18 verbose exit [ 1, true ]
